0 info it worked if it ends with ok
1 verbose cli [ '/usr/local/bin/node', '/usr/local/bin/npm', 'run', 'preview' ]
2 info using npm@4.0.1
3 info using node@v4.4.4
4 verbose run-script [ 'preview' ]
5 info lifecycle Yu-blog@1.7.0~preview: Yu-blog@1.7.0
6 verbose lifecycle Yu-blog@1.7.0~preview: unsafe-perm in lifecycle true
7 verbose lifecycle Yu-blog@1.7.0~preview: PATH: /usr/local/lib/node_modules/npm/bin/node-gyp-bin:/Users/fengyu/Desktop/windsvon.github.io/node_modules/.bin:/usr/local/lib/node_modules/npm/bin/node-gyp-bin:/Users/fengyu/Desktop/windsvon.github.io/node_modules/.bin:/Users/fengyu/.rvm/gems/ruby-2.3.0/bin:/Users/fengyu/.rvm/gems/ruby-2.3.0@global/bin:/Users/fengyu/.rvm/rubies/ruby-2.3.0/bin:/usr/local/bin:/usr/bin:/bin:/usr/sbin:/sbin:/usr/local/aria2/bin:/opt/ImageMagick/bin:/Users/fengyu/.rvm/bin
8 verbose lifecycle Yu-blog@1.7.0~preview: CWD: /Users/fengyu/Desktop/windsvon.github.io
9 silly lifecycle Yu-blog@1.7.0~preview: Args: [ '-c', 'cd _site; python -m SimpleHTTPServer 8020' ]
10 silly lifecycle Yu-blog@1.7.0~preview: Returned: code: 1  signal: null
11 info lifecycle Yu-blog@1.7.0~preview: Failed to exec preview script
12 verbose stack Error: Yu-blog@1.7.0 preview: `cd _site; python -m SimpleHTTPServer 8020`
12 verbose stack Exit status 1
12 verbose stack     at EventEmitter.<anonymous> (/usr/local/lib/node_modules/npm/lib/utils/lifecycle.js:279:16)
12 verbose stack     at emitTwo (events.js:87:13)
12 verbose stack     at EventEmitter.emit (events.js:172:7)
12 verbose stack     at ChildProcess.<anonymous> (/usr/local/lib/node_modules/npm/lib/utils/spawn.js:40:14)
12 verbose stack     at emitTwo (events.js:87:13)
12 verbose stack     at ChildProcess.emit (events.js:172:7)
12 verbose stack     at maybeClose (internal/child_process.js:827:16)
12 verbose stack     at Process.ChildProcess._handle.onexit (internal/child_process.js:211:5)
13 verbose pkgid Yu-blog@1.7.0
14 verbose cwd /Users/fengyu/Desktop/windsvon.github.io
15 error Darwin 16.1.0
16 error argv "/usr/local/bin/node" "/usr/local/bin/npm" "run" "preview"
17 error node v4.4.4
18 error npm  v4.0.1
19 error code ELIFECYCLE
20 error Yu-blog@1.7.0 preview: `cd _site; python -m SimpleHTTPServer 8020`
20 error Exit status 1
21 error Failed at the Yu-blog@1.7.0 preview script 'cd _site; python -m SimpleHTTPServer 8020'.
21 error Make sure you have the latest version of node.js and npm installed.
21 error If you do, this is most likely a problem with the Yu-blog package,
21 error not with npm itself.
21 error Tell the author that this fails on your system:
21 error     cd _site; python -m SimpleHTTPServer 8020
21 error You can get information on how to open an issue for this project with:
21 error     npm bugs Yu-blog
21 error Or if that isn't available, you can get their info via:
21 error     npm owner ls Yu-blog
21 error There is likely additional logging output above.
22 verbose exit [ 1, true ]
